The system is: Linux - 3.11.10-17-default - i686
Compiling the C compiler identification source file "CMakeCCompilerId.c" succeeded.
Compiler: /usr/bin/cc 
Build flags: 
Id flags: 

The output was:
0


Compilation of the C compiler identification source "CMakeCCompilerId.c" produced "a.out"

The C compiler identification is GNU, found in "/home/claus/arm_embedded/Projects/F3_GPIO_IOToggle/build/CMakeFiles/2.8.11.2/CompilerIdC/a.out"

Compiling the CXX compiler identification source file "CMakeCXXCompilerId.cpp" succeeded.
Compiler: /usr/bin/c++ 
Build flags: 
Id flags: 

The output was:
0


Compilation of the CXX compiler identification source "CMakeCXXCompilerId.cpp" produced "a.out"

The CXX compiler identification is GNU, found in "/home/claus/arm_embedded/Projects/F3_GPIO_IOToggle/build/CMakeFiles/2.8.11.2/CompilerIdCXX/a.out"

Determining if the C compiler works passed with the following output:
Change Dir: /home/claus/arm_embedded/Projects/F3_GPIO_IOToggle/build/CMakeFiles/CMakeTmp

Run Build Command:/usr/bin/gmake "cmTryCompileExec4166221839/fast"
/usr/bin/gmake -f CMakeFiles/cmTryCompileExec4166221839.dir/build.make CMakeFiles/cmTryCompileExec4166221839.dir/build
gmake[1]: Entering directory `/home/claus/arm_embedded/Projects/F3_GPIO_IOToggle/build/CMakeFiles/CMakeTmp'
/usr/bin/cmake -E cmake_progress_report /home/claus/arm_embedded/Projects/F3_GPIO_IOToggle/build/CMakeFiles/CMakeTmp/CMakeFiles 1
Building C object CMakeFiles/cmTryCompileExec4166221839.dir/testCCompiler.c.o
/usr/bin/cc    -o CMakeFiles/cmTryCompileExec4166221839.dir/testCCompiler.c.o   -c /home/claus/arm_embedded/Projects/F3_GPIO_IOToggle/build/CMakeFiles/CMakeTmp/testCCompiler.c
Linking C executable cmTryCompileExec4166221839
/usr/bin/cmake -E cmake_link_script CMakeFiles/cmTryCompileExec4166221839.dir/link.txt --verbose=1
/usr/bin/cc         CMakeFiles/cmTryCompileExec4166221839.dir/testCCompiler.c.o  -o cmTryCompileExec4166221839 -rdynamic 
gmake[1]: Leaving directory `/home/claus/arm_embedded/Projects/F3_GPIO_IOToggle/build/CMakeFiles/CMakeTmp'


Detecting C compiler ABI info compiled with the following output:
Change Dir: /home/claus/arm_embedded/Projects/F3_GPIO_IOToggle/build/CMakeFiles/CMakeTmp

Run Build Command:/usr/bin/gmake "cmTryCompileExec3461855377/fast"
/usr/bin/gmake -f CMakeFiles/cmTryCompileExec3461855377.dir/build.make CMakeFiles/cmTryCompileExec3461855377.dir/build
gmake[1]: Entering directory `/home/claus/arm_embedded/Projects/F3_GPIO_IOToggle/build/CMakeFiles/CMakeTmp'
/usr/bin/cmake -E cmake_progress_report /home/claus/arm_embedded/Projects/F3_GPIO_IOToggle/build/CMakeFiles/CMakeTmp/CMakeFiles 1
Building C object CMakeFiles/cmTryCompileExec3461855377.dir/CMakeCCompilerABI.c.o
/usr/bin/cc    -o CMakeFiles/cmTryCompileExec3461855377.dir/CMakeCCompilerABI.c.o   -c /usr/share/cmake/Modules/CMakeCCompilerABI.c
Linking C executable cmTryCompileExec3461855377
/usr/bin/cmake -E cmake_link_script CMakeFiles/cmTryCompileExec3461855377.dir/link.txt --verbose=1
/usr/bin/cc       -v CMakeFiles/cmTryCompileExec3461855377.dir/CMakeCCompilerABI.c.o  -o cmTryCompileExec3461855377 -rdynamic  
Using built-in specs.
COLLECT_GCC=/usr/bin/cc
COLLECT_LTO_WRAPPER=/usr/lib/gcc/i586-suse-linux/4.8/lto-wrapper
Target: i586-suse-linux
Configured with: ../configure --prefix=/usr --infodir=/usr/share/info --mandir=/usr/share/man --libdir=/usr/lib --libexecdir=/usr/lib --enable-languages=c,c++,objc,fortran,obj-c++,java,ada --enable-checking=release --with-gxx-include-dir=/usr/include/c++/4.8 --enable-ssp --disable-libssp --disable-plugin --with-bugurl=http://bugs.opensuse.org/ --with-pkgversion='SUSE Linux' --disable-libgcj --disable-libmudflap --with-slibdir=/lib --with-system-zlib --enable-__cxa_atexit --enable-libstdcxx-allocator=new --disable-libstdcxx-pch --enable-version-specific-runtime-libs --enable-linker-build-id --program-suffix=-4.8 --enable-linux-futex --without-system-libunwind --with-arch-32=i586 --with-tune=generic --build=i586-suse-linux
Thread model: posix
gcc version 4.8.1 20130909 [gcc-4_8-branch revision 202388] (SUSE Linux) 
COMPILER_PATH=/usr/lib/gcc/i586-suse-linux/4.8/:/usr/lib/gcc/i586-suse-linux/4.8/:/usr/lib/gcc/i586-suse-linux/:/usr/lib/gcc/i586-suse-linux/4.8/:/usr/lib/gcc/i586-suse-linux/:/usr/lib/gcc/i586-suse-linux/4.8/../../../../i586-suse-linux/bin/
LIBRARY_PATH=/usr/lib/gcc/i586-suse-linux/4.8/:/usr/lib/gcc/i586-suse-linux/4.8/../../../../i586-suse-linux/lib/:/usr/lib/gcc/i586-suse-linux/4.8/../../../:/lib/:/usr/lib/
COLLECT_GCC_OPTIONS='-v' '-o' 'cmTryCompileExec3461855377' '-rdynamic' '-mtune=generic' '-march=i586'
 /usr/lib/gcc/i586-suse-linux/4.8/collect2 --build-id --eh-frame-hdr -m elf_i386 -export-dynamic -dynamic-linker /lib/ld-linux.so.2 -o cmTryCompileExec3461855377 /usr/lib/gcc/i586-suse-linux/4.8/../../../crt1.o /usr/lib/gcc/i586-suse-linux/4.8/../../../crti.o /usr/lib/gcc/i586-suse-linux/4.8/crtbegin.o -L/usr/lib/gcc/i586-suse-linux/4.8 -L/usr/lib/gcc/i586-suse-linux/4.8/../../../../i586-suse-linux/lib -L/usr/lib/gcc/i586-suse-linux/4.8/../../.. CMakeFiles/cmTryCompileExec3461855377.dir/CMakeCCompilerABI.c.o -lgcc --as-needed -lgcc_s --no-as-needed -lc -lgcc --as-needed -lgcc_s --no-as-needed /usr/lib/gcc/i586-suse-linux/4.8/crtend.o /usr/lib/gcc/i586-suse-linux/4.8/../../../crtn.o
gmake[1]: Leaving directory `/home/claus/arm_embedded/Projects/F3_GPIO_IOToggle/build/CMakeFiles/CMakeTmp'


Parsed C implicit link information from above output:
  link line regex: [^( *|.*[/\])(ld|ld|collect2)[^/\]*( |$)]
  ignore line: [Change Dir: /home/claus/arm_embedded/Projects/F3_GPIO_IOToggle/build/CMakeFiles/CMakeTmp]
  ignore line: []
  ignore line: [Run Build Command:/usr/bin/gmake "cmTryCompileExec3461855377/fast"]
  ignore line: [/usr/bin/gmake -f CMakeFiles/cmTryCompileExec3461855377.dir/build.make CMakeFiles/cmTryCompileExec3461855377.dir/build]
  ignore line: [gmake[1]: Entering directory `/home/claus/arm_embedded/Projects/F3_GPIO_IOToggle/build/CMakeFiles/CMakeTmp']
  ignore line: [/usr/bin/cmake -E cmake_progress_report /home/claus/arm_embedded/Projects/F3_GPIO_IOToggle/build/CMakeFiles/CMakeTmp/CMakeFiles 1]
  ignore line: [Building C object CMakeFiles/cmTryCompileExec3461855377.dir/CMakeCCompilerABI.c.o]
  ignore line: [/usr/bin/cc    -o CMakeFiles/cmTryCompileExec3461855377.dir/CMakeCCompilerABI.c.o   -c /usr/share/cmake/Modules/CMakeCCompilerABI.c]
  ignore line: [Linking C executable cmTryCompileExec3461855377]
  ignore line: [/usr/bin/cmake -E cmake_link_script CMakeFiles/cmTryCompileExec3461855377.dir/link.txt --verbose=1]
  ignore line: [/usr/bin/cc       -v CMakeFiles/cmTryCompileExec3461855377.dir/CMakeCCompilerABI.c.o  -o cmTryCompileExec3461855377 -rdynamic  ]
  ignore line: [Using built-in specs.]
  ignore line: [COLLECT_GCC=/usr/bin/cc]
  ignore line: [COLLECT_LTO_WRAPPER=/usr/lib/gcc/i586-suse-linux/4.8/lto-wrapper]
  ignore line: [Target: i586-suse-linux]
  ignore line: [Configured with: ../configure --prefix=/usr --infodir=/usr/share/info --mandir=/usr/share/man --libdir=/usr/lib --libexecdir=/usr/lib --enable-languages=c,c++,objc,fortran,obj-c++,java,ada --enable-checking=release --with-gxx-include-dir=/usr/include/c++/4.8 --enable-ssp --disable-libssp --disable-plugin --with-bugurl=http://bugs.opensuse.org/ --with-pkgversion='SUSE Linux' --disable-libgcj --disable-libmudflap --with-slibdir=/lib --with-system-zlib --enable-__cxa_atexit --enable-libstdcxx-allocator=new --disable-libstdcxx-pch --enable-version-specific-runtime-libs --enable-linker-build-id --program-suffix=-4.8 --enable-linux-futex --without-system-libunwind --with-arch-32=i586 --with-tune=generic --build=i586-suse-linux]
  ignore line: [Thread model: posix]
  ignore line: [gcc version 4.8.1 20130909 [gcc-4_8-branch revision 202388] (SUSE Linux) ]
  ignore line: [COMPILER_PATH=/usr/lib/gcc/i586-suse-linux/4.8/:/usr/lib/gcc/i586-suse-linux/4.8/:/usr/lib/gcc/i586-suse-linux/:/usr/lib/gcc/i586-suse-linux/4.8/:/usr/lib/gcc/i586-suse-linux/:/usr/lib/gcc/i586-suse-linux/4.8/../../../../i586-suse-linux/bin/]
  ignore line: [LIBRARY_PATH=/usr/lib/gcc/i586-suse-linux/4.8/:/usr/lib/gcc/i586-suse-linux/4.8/../../../../i586-suse-linux/lib/:/usr/lib/gcc/i586-suse-linux/4.8/../../../:/lib/:/usr/lib/]
  ignore line: [COLLECT_GCC_OPTIONS='-v' '-o' 'cmTryCompileExec3461855377' '-rdynamic' '-mtune=generic' '-march=i586']
  link line: [ /usr/lib/gcc/i586-suse-linux/4.8/collect2 --build-id --eh-frame-hdr -m elf_i386 -export-dynamic -dynamic-linker /lib/ld-linux.so.2 -o cmTryCompileExec3461855377 /usr/lib/gcc/i586-suse-linux/4.8/../../../crt1.o /usr/lib/gcc/i586-suse-linux/4.8/../../../crti.o /usr/lib/gcc/i586-suse-linux/4.8/crtbegin.o -L/usr/lib/gcc/i586-suse-linux/4.8 -L/usr/lib/gcc/i586-suse-linux/4.8/../../../../i586-suse-linux/lib -L/usr/lib/gcc/i586-suse-linux/4.8/../../.. CMakeFiles/cmTryCompileExec3461855377.dir/CMakeCCompilerABI.c.o -lgcc --as-needed -lgcc_s --no-as-needed -lc -lgcc --as-needed -lgcc_s --no-as-needed /usr/lib/gcc/i586-suse-linux/4.8/crtend.o /usr/lib/gcc/i586-suse-linux/4.8/../../../crtn.o]
    arg [/usr/lib/gcc/i586-suse-linux/4.8/collect2] ==> ignore
    arg [--build-id] ==> ignore
    arg [--eh-frame-hdr] ==> ignore
    arg [-m] ==> ignore
    arg [elf_i386] ==> ignore
    arg [-export-dynamic] ==> ignore
    arg [-dynamic-linker] ==> ignore
    arg [/lib/ld-linux.so.2] ==> ignore
    arg [-o] ==> ignore
    arg [cmTryCompileExec3461855377] ==> ignore
    arg [/usr/lib/gcc/i586-suse-linux/4.8/../../../crt1.o] ==> ignore
    arg [/usr/lib/gcc/i586-suse-linux/4.8/../../../crti.o] ==> ignore
    arg [/usr/lib/gcc/i586-suse-linux/4.8/crtbegin.o] ==> ignore
    arg [-L/usr/lib/gcc/i586-suse-linux/4.8] ==> dir [/usr/lib/gcc/i586-suse-linux/4.8]
    arg [-L/usr/lib/gcc/i586-suse-linux/4.8/../../../../i586-suse-linux/lib] ==> dir [/usr/lib/gcc/i586-suse-linux/4.8/../../../../i586-suse-linux/lib]
    arg [-L/usr/lib/gcc/i586-suse-linux/4.8/../../..] ==> dir [/usr/lib/gcc/i586-suse-linux/4.8/../../..]
    arg [CMakeFiles/cmTryCompileExec3461855377.dir/CMakeCCompilerABI.c.o] ==> ignore
    arg [-lgcc] ==> lib [gcc]
    arg [--as-needed] ==> ignore
    arg [-lgcc_s] ==> lib [gcc_s]
    arg [--no-as-needed] ==> ignore
    arg [-lc] ==> lib [c]
    arg [-lgcc] ==> lib [gcc]
    arg [--as-needed] ==> ignore
    arg [-lgcc_s] ==> lib [gcc_s]
    arg [--no-as-needed] ==> ignore
    arg [/usr/lib/gcc/i586-suse-linux/4.8/crtend.o] ==> ignore
    arg [/usr/lib/gcc/i586-suse-linux/4.8/../../../crtn.o] ==> ignore
  remove lib [gcc]
  remove lib [gcc_s]
  remove lib [gcc]
  remove lib [gcc_s]
  collapse library dir [/usr/lib/gcc/i586-suse-linux/4.8] ==> [/usr/lib/gcc/i586-suse-linux/4.8]
  collapse library dir [/usr/lib/gcc/i586-suse-linux/4.8/../../../../i586-suse-linux/lib] ==> [/usr/i586-suse-linux/lib]
  collapse library dir [/usr/lib/gcc/i586-suse-linux/4.8/../../..] ==> [/usr/lib]
  implicit libs: [c]
  implicit dirs: [/usr/lib/gcc/i586-suse-linux/4.8;/usr/i586-suse-linux/lib;/usr/lib]
  implicit fwks: []


Determining if the CXX compiler works passed with the following output:
Change Dir: /home/claus/arm_embedded/Projects/F3_GPIO_IOToggle/build/CMakeFiles/CMakeTmp

Run Build Command:/usr/bin/gmake "cmTryCompileExec122946843/fast"
/usr/bin/gmake -f CMakeFiles/cmTryCompileExec122946843.dir/build.make CMakeFiles/cmTryCompileExec122946843.dir/build
gmake[1]: Entering directory `/home/claus/arm_embedded/Projects/F3_GPIO_IOToggle/build/CMakeFiles/CMakeTmp'
/usr/bin/cmake -E cmake_progress_report /home/claus/arm_embedded/Projects/F3_GPIO_IOToggle/build/CMakeFiles/CMakeTmp/CMakeFiles 1
Building CXX object CMakeFiles/cmTryCompileExec122946843.dir/testCXXCompiler.cxx.o
/usr/bin/c++     -o CMakeFiles/cmTryCompileExec122946843.dir/testCXXCompiler.cxx.o -c /home/claus/arm_embedded/Projects/F3_GPIO_IOToggle/build/CMakeFiles/CMakeTmp/testCXXCompiler.cxx
Linking CXX executable cmTryCompileExec122946843
/usr/bin/cmake -E cmake_link_script CMakeFiles/cmTryCompileExec122946843.dir/link.txt --verbose=1
/usr/bin/c++          CMakeFiles/cmTryCompileExec122946843.dir/testCXXCompiler.cxx.o  -o cmTryCompileExec122946843 -rdynamic 
gmake[1]: Leaving directory `/home/claus/arm_embedded/Projects/F3_GPIO_IOToggle/build/CMakeFiles/CMakeTmp'


Detecting CXX compiler ABI info compiled with the following output:
Change Dir: /home/claus/arm_embedded/Projects/F3_GPIO_IOToggle/build/CMakeFiles/CMakeTmp

Run Build Command:/usr/bin/gmake "cmTryCompileExec338207548/fast"
/usr/bin/gmake -f CMakeFiles/cmTryCompileExec338207548.dir/build.make CMakeFiles/cmTryCompileExec338207548.dir/build
gmake[1]: Entering directory `/home/claus/arm_embedded/Projects/F3_GPIO_IOToggle/build/CMakeFiles/CMakeTmp'
/usr/bin/cmake -E cmake_progress_report /home/claus/arm_embedded/Projects/F3_GPIO_IOToggle/build/CMakeFiles/CMakeTmp/CMakeFiles 1
Building CXX object CMakeFiles/cmTryCompileExec338207548.dir/CMakeCXXCompilerABI.cpp.o
/usr/bin/c++     -o CMakeFiles/cmTryCompileExec338207548.dir/CMakeCXXCompilerABI.cpp.o -c /usr/share/cmake/Modules/CMakeCXXCompilerABI.cpp
Linking CXX executable cmTryCompileExec338207548
/usr/bin/cmake -E cmake_link_script CMakeFiles/cmTryCompileExec338207548.dir/link.txt --verbose=1
/usr/bin/c++        -v CMakeFiles/cmTryCompileExec338207548.dir/CMakeCXXCompilerABI.cpp.o  -o cmTryCompileExec338207548 -rdynamic  
Using built-in specs.
COLLECT_GCC=/usr/bin/c++
COLLECT_LTO_WRAPPER=/usr/lib/gcc/i586-suse-linux/4.8/lto-wrapper
Target: i586-suse-linux
Configured with: ../configure --prefix=/usr --infodir=/usr/share/info --mandir=/usr/share/man --libdir=/usr/lib --libexecdir=/usr/lib --enable-languages=c,c++,objc,fortran,obj-c++,java,ada --enable-checking=release --with-gxx-include-dir=/usr/include/c++/4.8 --enable-ssp --disable-libssp --disable-plugin --with-bugurl=http://bugs.opensuse.org/ --with-pkgversion='SUSE Linux' --disable-libgcj --disable-libmudflap --with-slibdir=/lib --with-system-zlib --enable-__cxa_atexit --enable-libstdcxx-allocator=new --disable-libstdcxx-pch --enable-version-specific-runtime-libs --enable-linker-build-id --program-suffix=-4.8 --enable-linux-futex --without-system-libunwind --with-arch-32=i586 --with-tune=generic --build=i586-suse-linux
Thread model: posix
gcc version 4.8.1 20130909 [gcc-4_8-branch revision 202388] (SUSE Linux) 
COMPILER_PATH=/usr/lib/gcc/i586-suse-linux/4.8/:/usr/lib/gcc/i586-suse-linux/4.8/:/usr/lib/gcc/i586-suse-linux/:/usr/lib/gcc/i586-suse-linux/4.8/:/usr/lib/gcc/i586-suse-linux/:/usr/lib/gcc/i586-suse-linux/4.8/../../../../i586-suse-linux/bin/
LIBRARY_PATH=/usr/lib/gcc/i586-suse-linux/4.8/:/usr/lib/gcc/i586-suse-linux/4.8/../../../../i586-suse-linux/lib/:/usr/lib/gcc/i586-suse-linux/4.8/../../../:/lib/:/usr/lib/
COLLECT_GCC_OPTIONS='-v' '-o' 'cmTryCompileExec338207548' '-rdynamic' '-shared-libgcc' '-mtune=generic' '-march=i586'
 /usr/lib/gcc/i586-suse-linux/4.8/collect2 --build-id --eh-frame-hdr -m elf_i386 -export-dynamic -dynamic-linker /lib/ld-linux.so.2 -o cmTryCompileExec338207548 /usr/lib/gcc/i586-suse-linux/4.8/../../../crt1.o /usr/lib/gcc/i586-suse-linux/4.8/../../../crti.o /usr/lib/gcc/i586-suse-linux/4.8/crtbegin.o -L/usr/lib/gcc/i586-suse-linux/4.8 -L/usr/lib/gcc/i586-suse-linux/4.8/../../../../i586-suse-linux/lib -L/usr/lib/gcc/i586-suse-linux/4.8/../../.. CMakeFiles/cmTryCompileExec338207548.dir/CMakeCXXCompilerABI.cpp.o -lstdc++ -lm -lgcc_s -lgcc -lc -lgcc_s -lgcc /usr/lib/gcc/i586-suse-linux/4.8/crtend.o /usr/lib/gcc/i586-suse-linux/4.8/../../../crtn.o
gmake[1]: Leaving directory `/home/claus/arm_embedded/Projects/F3_GPIO_IOToggle/build/CMakeFiles/CMakeTmp'


Parsed CXX implicit link information from above output:
  link line regex: [^( *|.*[/\])(ld|ld|collect2)[^/\]*( |$)]
  ignore line: [Change Dir: /home/claus/arm_embedded/Projects/F3_GPIO_IOToggle/build/CMakeFiles/CMakeTmp]
  ignore line: []
  ignore line: [Run Build Command:/usr/bin/gmake "cmTryCompileExec338207548/fast"]
  ignore line: [/usr/bin/gmake -f CMakeFiles/cmTryCompileExec338207548.dir/build.make CMakeFiles/cmTryCompileExec338207548.dir/build]
  ignore line: [gmake[1]: Entering directory `/home/claus/arm_embedded/Projects/F3_GPIO_IOToggle/build/CMakeFiles/CMakeTmp']
  ignore line: [/usr/bin/cmake -E cmake_progress_report /home/claus/arm_embedded/Projects/F3_GPIO_IOToggle/build/CMakeFiles/CMakeTmp/CMakeFiles 1]
  ignore line: [Building CXX object CMakeFiles/cmTryCompileExec338207548.dir/CMakeCXXCompilerABI.cpp.o]
  ignore line: [/usr/bin/c++     -o CMakeFiles/cmTryCompileExec338207548.dir/CMakeCXXCompilerABI.cpp.o -c /usr/share/cmake/Modules/CMakeCXXCompilerABI.cpp]
  ignore line: [Linking CXX executable cmTryCompileExec338207548]
  ignore line: [/usr/bin/cmake -E cmake_link_script CMakeFiles/cmTryCompileExec338207548.dir/link.txt --verbose=1]
  ignore line: [/usr/bin/c++        -v CMakeFiles/cmTryCompileExec338207548.dir/CMakeCXXCompilerABI.cpp.o  -o cmTryCompileExec338207548 -rdynamic  ]
  ignore line: [Using built-in specs.]
  ignore line: [COLLECT_GCC=/usr/bin/c++]
  ignore line: [COLLECT_LTO_WRAPPER=/usr/lib/gcc/i586-suse-linux/4.8/lto-wrapper]
  ignore line: [Target: i586-suse-linux]
  ignore line: [Configured with: ../configure --prefix=/usr --infodir=/usr/share/info --mandir=/usr/share/man --libdir=/usr/lib --libexecdir=/usr/lib --enable-languages=c,c++,objc,fortran,obj-c++,java,ada --enable-checking=release --with-gxx-include-dir=/usr/include/c++/4.8 --enable-ssp --disable-libssp --disable-plugin --with-bugurl=http://bugs.opensuse.org/ --with-pkgversion='SUSE Linux' --disable-libgcj --disable-libmudflap --with-slibdir=/lib --with-system-zlib --enable-__cxa_atexit --enable-libstdcxx-allocator=new --disable-libstdcxx-pch --enable-version-specific-runtime-libs --enable-linker-build-id --program-suffix=-4.8 --enable-linux-futex --without-system-libunwind --with-arch-32=i586 --with-tune=generic --build=i586-suse-linux]
  ignore line: [Thread model: posix]
  ignore line: [gcc version 4.8.1 20130909 [gcc-4_8-branch revision 202388] (SUSE Linux) ]
  ignore line: [COMPILER_PATH=/usr/lib/gcc/i586-suse-linux/4.8/:/usr/lib/gcc/i586-suse-linux/4.8/:/usr/lib/gcc/i586-suse-linux/:/usr/lib/gcc/i586-suse-linux/4.8/:/usr/lib/gcc/i586-suse-linux/:/usr/lib/gcc/i586-suse-linux/4.8/../../../../i586-suse-linux/bin/]
  ignore line: [LIBRARY_PATH=/usr/lib/gcc/i586-suse-linux/4.8/:/usr/lib/gcc/i586-suse-linux/4.8/../../../../i586-suse-linux/lib/:/usr/lib/gcc/i586-suse-linux/4.8/../../../:/lib/:/usr/lib/]
  ignore line: [COLLECT_GCC_OPTIONS='-v' '-o' 'cmTryCompileExec338207548' '-rdynamic' '-shared-libgcc' '-mtune=generic' '-march=i586']
  link line: [ /usr/lib/gcc/i586-suse-linux/4.8/collect2 --build-id --eh-frame-hdr -m elf_i386 -export-dynamic -dynamic-linker /lib/ld-linux.so.2 -o cmTryCompileExec338207548 /usr/lib/gcc/i586-suse-linux/4.8/../../../crt1.o /usr/lib/gcc/i586-suse-linux/4.8/../../../crti.o /usr/lib/gcc/i586-suse-linux/4.8/crtbegin.o -L/usr/lib/gcc/i586-suse-linux/4.8 -L/usr/lib/gcc/i586-suse-linux/4.8/../../../../i586-suse-linux/lib -L/usr/lib/gcc/i586-suse-linux/4.8/../../.. CMakeFiles/cmTryCompileExec338207548.dir/CMakeCXXCompilerABI.cpp.o -lstdc++ -lm -lgcc_s -lgcc -lc -lgcc_s -lgcc /usr/lib/gcc/i586-suse-linux/4.8/crtend.o /usr/lib/gcc/i586-suse-linux/4.8/../../../crtn.o]
    arg [/usr/lib/gcc/i586-suse-linux/4.8/collect2] ==> ignore
    arg [--build-id] ==> ignore
    arg [--eh-frame-hdr] ==> ignore
    arg [-m] ==> ignore
    arg [elf_i386] ==> ignore
    arg [-export-dynamic] ==> ignore
    arg [-dynamic-linker] ==> ignore
    arg [/lib/ld-linux.so.2] ==> ignore
    arg [-o] ==> ignore
    arg [cmTryCompileExec338207548] ==> ignore
    arg [/usr/lib/gcc/i586-suse-linux/4.8/../../../crt1.o] ==> ignore
    arg [/usr/lib/gcc/i586-suse-linux/4.8/../../../crti.o] ==> ignore
    arg [/usr/lib/gcc/i586-suse-linux/4.8/crtbegin.o] ==> ignore
    arg [-L/usr/lib/gcc/i586-suse-linux/4.8] ==> dir [/usr/lib/gcc/i586-suse-linux/4.8]
    arg [-L/usr/lib/gcc/i586-suse-linux/4.8/../../../../i586-suse-linux/lib] ==> dir [/usr/lib/gcc/i586-suse-linux/4.8/../../../../i586-suse-linux/lib]
    arg [-L/usr/lib/gcc/i586-suse-linux/4.8/../../..] ==> dir [/usr/lib/gcc/i586-suse-linux/4.8/../../..]
    arg [CMakeFiles/cmTryCompileExec338207548.dir/CMakeCXXCompilerABI.cpp.o] ==> ignore
    arg [-lstdc++] ==> lib [stdc++]
    arg [-lm] ==> lib [m]
    arg [-lgcc_s] ==> lib [gcc_s]
    arg [-lgcc] ==> lib [gcc]
    arg [-lc] ==> lib [c]
    arg [-lgcc_s] ==> lib [gcc_s]
    arg [-lgcc] ==> lib [gcc]
    arg [/usr/lib/gcc/i586-suse-linux/4.8/crtend.o] ==> ignore
    arg [/usr/lib/gcc/i586-suse-linux/4.8/../../../crtn.o] ==> ignore
  remove lib [gcc_s]
  remove lib [gcc]
  remove lib [gcc_s]
  remove lib [gcc]
  collapse library dir [/usr/lib/gcc/i586-suse-linux/4.8] ==> [/usr/lib/gcc/i586-suse-linux/4.8]
  collapse library dir [/usr/lib/gcc/i586-suse-linux/4.8/../../../../i586-suse-linux/lib] ==> [/usr/i586-suse-linux/lib]
  collapse library dir [/usr/lib/gcc/i586-suse-linux/4.8/../../..] ==> [/usr/lib]
  implicit libs: [stdc++;m;c]
  implicit dirs: [/usr/lib/gcc/i586-suse-linux/4.8;/usr/i586-suse-linux/lib;/usr/lib]
  implicit fwks: []


